<?xml version="1.0" encoding="UTF-8"?>
<testsuite name="Cucumber" time="114.298" tests="1" skipped="0" failures="0" errors="0">
<testcase classname="Store SignUp" name="Login with correct username and correct password" time="113.293">
<system-out><![CDATA[
Given I navigate to website page............................................passed
When I clicked signin link..................................................passed
When I clicked create account link..........................................passed
And I entered the details...................................................passed
Then I clicked the create account button....................................passed
]]></system-out>
</testcase>
</testsuite>
