<?xml version="1.0" encoding="UTF-8"?>
<!-- Generated by org.testng.reporters.JUnitReportReporter -->
<testsuite hostname="DESKTOP-3L1ALEO" failures="0" tests="5" name="Testcases.VerifyPage1FB" time="40.835" errors="0" timestamp="2025-03-08T14:05:39 IST" skipped="0">
  <testcase classname="Testcases.VerifyPage1FB" name="loginTc" time="10.630"/>
  <testcase classname="Testcases.VerifyPage1FB" name="loginTc" time="6.534"/>
  <testcase classname="Testcases.VerifyPage1FB" name="loginTc" time="7.795"/>
  <testcase classname="Testcases.VerifyPage1FB" name="loginTc" time="7.580"/>
  <testcase classname="Testcases.VerifyPage1FB" name="verifyForgetPwd" time="8.296"/>
</testsuite> <!-- Testcases.VerifyPage1FB -->
