<?xml version="1.0" encoding="UTF-8"?>
<!-- Generated by org.testng.reporters.JUnitReportReporter -->
<testsuite hostname="DESKTOP-3L1ALEO" failures="0" tests="1" name="Runner.RunnerRedTestCase" time="26.960" errors="0" timestamp="2025-03-11T13:25:53 IST" skipped="0">
  <testcase classname="Runner.RunnerRedTestCase" name="runScenario" time="26.960"/>
</testsuite> <!-- Runner.RunnerRedTestCase -->
